Base path: C:/Program Files/Unity/Editor/Data
Pipe name: \\.\pipe\UnityShaderCompiler-64bit-1-14704
Cmd: getPlatforms
Cmd: preprocess
  insize=859 outsize=1586 ok=1
Cmd: compileSnippet
  api=4 type=0 insize=7175 outsize=3663 kw=DIRECTIONAL SHADOWS_OFF LIGHTMAP_OFF DIRLIGHTMAP_OFF DYNAMICLIGHTMAP_OFF ok=1
Cmd: compileSnippet
  api=4 type=1 insize=7175 outsize=1371 kw=DIRECTIONAL SHADOWS_OFF LIGHTMAP_OFF DIRLIGHTMAP_OFF DYNAMICLIGHTMAP_OFF ok=1
Cmd: compileSnippet
  api=4 type=0 insize=4012 outsize=2753 kw=POINT ok=1
Cmd: compileSnippet
  api=4 type=1 insize=4012 outsize=2005 kw=POINT ok=1
Cmd: compileSnippet
  api=4 type=0 insize=3170 outsize=2533 kw= ok=1
Cmd: compileSnippet
  api=4 type=1 insize=3170 outsize=697 kw= ok=1
Cmd: compileSnippet
  api=4 type=0 insize=6214 outsize=4077 kw=LIGHTMAP_OFF DIRLIGHTMAP_OFF DYNAMICLIGHTMAP_OFF HDR_LIGHT_PREPASS_OFF ok=1
Cmd: compileSnippet
  api=4 type=1 insize=6214 outsize=1420 kw=LIGHTMAP_OFF DIRLIGHTMAP_OFF DYNAMICLIGHTMAP_OFF HDR_LIGHT_PREPASS_OFF ok=1
Cmd: compileSnippet
  api=4 type=0 insize=6293 outsize=3801 kw=LIGHTMAP_OFF DIRLIGHTMAP_OFF DYNAMICLIGHTMAP_OFF HDR_LIGHT_PREPASS_OFF ok=1
Cmd: compileSnippet
  api=4 type=1 insize=6293 outsize=1704 kw=LIGHTMAP_OFF DIRLIGHTMAP_OFF DYNAMICLIGHTMAP_OFF HDR_LIGHT_PREPASS_OFF ok=1
Cmd: compileSnippet
  api=4 type=0 insize=3361 outsize=2484 kw= ok=1
Cmd: compileSnippet
  api=4 type=1 insize=3361 outsize=1371 kw= ok=1
